<?xml version="1.0" encoding="UTF-8"?>
<!-- Generated by org.testng.reporters.JUnitReportReporter -->
<testsuite hostname="Saad" failures="0" tests="3" name="tests.WishListTest" time="7.890" errors="0" timestamp="2022-04-06T10:08:31 EET" skipped="0">
  <testcase classname="tests.WishListTest" name="AddToWishList" time="2.463"/>
  <system-out/>
  <testcase classname="tests.WishListTest" name="UserCanSearchUsingAutoComplete" time="4.791"/>
  <system-out/>
  <testcase classname="tests.WishListTest" name="removeProductFromWishList" time="0.636"/>
  <system-out/>
</testsuite> <!-- tests.WishListTest -->
