<?xml version="1.0" encoding="UTF-8"?>
<!-- Generated by org.testng.reporters.JUnitReportReporter -->
<testsuite hostname="Saad" failures="0" tests="1" name="tests.SearchProductUsingAutoComplete" time="4.692" errors="0" timestamp="2022-04-06T10:08:31 EET" skipped="0">
  <testcase classname="tests.SearchProductUsingAutoComplete" name="UserCanSearchUsingAutoComplete" time="4.692"/>
  <system-out/>
</testsuite> <!-- tests.SearchProductUsingAutoComplete -->
