<?xml version="1.0" encoding="UTF-8"?>
<!-- Generated by org.testng.reporters.JUnitReportReporter -->
<testsuite hostname="Saad" failures="0" tests="5" name="tests.AddProductToCompareTests" time="12.107" errors="0" timestamp="2022-04-06T10:08:31 EET" skipped="0">
  <testcase classname="tests.AddProductToCompareTests" name="UserCanSearchForAsusUsingAutoComplete" time="3.903"/>
  <system-out/>
  <testcase classname="tests.AddProductToCompareTests" name="addAsusToComparison" time="3.043"/>
  <system-out/>
  <testcase classname="tests.AddProductToCompareTests" name="removeFromCompare" time="1.006"/>
  <system-out/>
  <testcase classname="tests.AddProductToCompareTests" name="UserCanSearchForAppleUsingAutoComplete" time="4.009"/>
  <system-out/>
  <testcase classname="tests.AddProductToCompareTests" name="addAppleToComparison" time="0.146"/>
  <system-out/>
</testsuite> <!-- tests.AddProductToCompareTests -->
